# JRE version: OpenJDK Runtime Environment Microsoft-10376486 (17.0.13+11) (build 17.0.13+11-LTS)
# Java VM: OpenJDK 64-Bit Server VM Microsoft-10376486 (17.0.13+11-LTS, mixed mode, sharing, tiered, compressed oops, compressed class ptrs, g1 gc, windows-amd64)
GC Precious Log:
 CPUs: 16 total, 16 available
 Memory: 5996M
 Large Page Support: Disabled
 NUMA Support: Disabled
 Compressed Oops: Enabled (32-bit)
 Heap Region Size: 1M
 Heap Min Capacity: 8M
 Heap Initial Capacity: 94M
 Heap Max Capacity: 2G
 Pre-touch: Disabled
 Parallel Workers: 13
 Concurrent Workers: 3
 Concurrent Refinement Workers: 13
 Periodic GC: Disabled
Heap:
 garbage-first heap   total 291840K, used 145155K [0x0000000080000000, 0x0000000100000000)
  region size 1024K, 13 young (13312K), 3 survivors (3072K)
 Metaspace       used 106321K, committed 107456K, reserved 557056K
  class space    used 14816K, committed 15360K, reserved 425984K
GC Heap History (20 events):
Event: 120.606 GC heap before
{Heap before GC invocations=32 (full 0):
 garbage-first heap   total 163840K, used 140250K [0x0000000080000000, 0x0000000100000000)
  region size 1024K, 53 young (54272K), 2 survivors (2048K)
 Metaspace       used 74931K, committed 75840K, reserved 491520K
  class space    used 10451K, committed 10880K, reserved 425984K
}
Event: 120.626 GC heap after
{Heap after GC invocations=33 (full 0):
 garbage-first heap   total 163840K, used 93921K [0x0000000080000000, 0x0000000100000000)
  region size 1024K, 7 young (7168K), 7 survivors (7168K)
 Metaspace       used 74931K, committed 75840K, reserved 491520K
  class space    used 10451K, committed 10880K, reserved 425984K
}
Event: 120.690 GC heap before
{Heap before GC invocations=33 (full 0):
 garbage-first heap   total 163840K, used 93921K [0x0000000080000000, 0x0000000100000000)
  region size 1024K, 8 young (8192K), 7 survivors (7168K)
 Metaspace       used 75037K, committed 75968K, reserved 491520K
  class space    used 10459K, committed 10880K, reserved 425984K
}
Event: 120.704 GC heap after
{Heap after GC invocations=34 (full 0):
 garbage-first heap   total 163840K, used 92752K [0x0000000080000000, 0x0000000100000000)
  region size 1024K, 1 young (1024K), 1 survivors (1024K)
 Metaspace       used 75037K, committed 75968K, reserved 491520K
  class space    used 10459K, committed 10880K, reserved 425984K
}
Event: 122.898 GC heap before
{Heap before GC invocations=34 (full 0):
 garbage-first heap   total 163840K, used 120400K [0x0000000080000000, 0x0000000100000000)
  region size 1024K, 29 young (29696K), 1 survivors (1024K)
 Metaspace       used 77991K, committed 78976K, reserved 557056K
  class space    used 10799K, committed 11264K, reserved 425984K
}
Event: 122.910 GC heap after
{Heap after GC invocations=35 (full 0):
 garbage-first heap   total 291840K, used 94517K [0x0000000080000000, 0x0000000100000000)
  region size 1024K, 3 young (3072K), 3 survivors (3072K)
 Metaspace       used 77991K, committed 78976K, reserved 557056K
  class space    used 10799K, committed 11264K, reserved 425984K
}
Event: 128.372 GC heap before
{Heap before GC invocations=35 (full 0):
 garbage-first heap   total 291840K, used 211253K [0x0000000080000000, 0x0000000100000000)
  region size 1024K, 110 young (112640K), 3 survivors (3072K)
 Metaspace       used 84464K, committed 85312K, reserved 557056K
  class space    used 11673K, committed 12096K, reserved 425984K
}
Event: 128.385 GC heap after
{Heap after GC invocations=36 (full 0):
 garbage-first heap   total 291840K, used 103472K [0x0000000080000000, 0x0000000100000000)
  region size 1024K, 8 young (8192K), 8 survivors (8192K)
 Metaspace       used 84464K, committed 85312K, reserved 557056K
  class space    used 11673K, committed 12096K, reserved 425984K
}
Event: 140.400 GC heap before
{Heap before GC invocations=36 (full 0):
 garbage-first heap   total 291840K, used 218160K [0x0000000080000000, 0x0000000100000000)
  region size 1024K, 119 young (121856K), 8 survivors (8192K)
 Metaspace       used 88951K, committed 89920K, reserved 557056K
  class space    used 12341K, committed 12800K, reserved 425984K
}
Event: 140.642 GC heap after
{Heap after GC invocations=37 (full 0):
 garbage-first heap   total 291840K, used 108857K [0x0000000080000000, 0x0000000100000000)
  region size 1024K, 12 young (12288K), 12 survivors (12288K)
 Metaspace       used 88951K, committed 89920K, reserved 557056K
  class space    used 12341K, committed 12800K, reserved 425984K
}
Event: 150.210 GC heap before
{Heap before GC invocations=37 (full 0):
 garbage-first heap   total 291840K, used 222521K [0x0000000080000000, 0x0000000100000000)
  region size 1024K, 123 young (125952K), 12 survivors (12288K)
 Metaspace       used 95630K, committed 96640K, reserved 557056K
  class space    used 13371K, committed 13888K, reserved 425984K
}
Event: 150.302 GC heap after
{Heap after GC invocations=38 (full 0):
 garbage-first heap   total 291840K, used 114618K [0x0000000080000000, 0x0000000100000000)
  region size 1024K, 11 young (11264K), 11 survivors (11264K)
 Metaspace       used 95630K, committed 96640K, reserved 557056K
  class space    used 13371K, committed 13888K, reserved 425984K
}
Event: 169.079 GC heap before
{Heap before GC invocations=38 (full 0):
 garbage-first heap   total 291840K, used 233402K [0x0000000080000000, 0x0000000100000000)
  region size 1024K, 128 young (131072K), 11 survivors (11264K)
 Metaspace       used 100648K, committed 101760K, reserved 557056K
  class space    used 14145K, committed 14656K, reserved 425984K
}
Event: 169.163 GC heap after
{Heap after GC invocations=39 (full 0):
 garbage-first heap   total 291840K, used 124943K [0x0000000080000000, 0x0000000100000000)
  region size 1024K, 16 young (16384K), 16 survivors (16384K)
 Metaspace       used 100648K, committed 101760K, reserved 557056K
  class space    used 14145K, committed 14656K, reserved 425984K
}
Event: 179.388 GC heap before
{Heap before GC invocations=39 (full 0):
 garbage-first heap   total 291840K, used 236559K [0x0000000080000000, 0x0000000100000000)
  region size 1024K, 125 young (128000K), 16 survivors (16384K)
 Metaspace       used 106299K, committed 107456K, reserved 557056K
  class space    used 14815K, committed 15360K, reserved 425984K
}
Event: 180.148 GC heap after
{Heap after GC invocations=40 (full 0):
 garbage-first heap   total 291840K, used 134588K [0x0000000080000000, 0x0000000100000000)
  region size 1024K, 12 young (12288K), 12 survivors (12288K)
 Metaspace       used 106299K, committed 107456K, reserved 557056K
  class space    used 14815K, committed 15360K, reserved 425984K
}
Event: 180.377 GC heap before
{Heap before GC invocations=40 (full 0):
 garbage-first heap   total 291840K, used 135612K [0x0000000080000000, 0x0000000100000000)
  region size 1024K, 14 young (14336K), 12 survivors (12288K)
 Metaspace       used 106306K, committed 107456K, reserved 557056K
  class space    used 14815K, committed 15360K, reserved 425984K
}
Event: 181.070 GC heap after
{Heap after GC invocations=41 (full 0):
 garbage-first heap   total 291840K, used 136144K [0x0000000080000000, 0x0000000100000000)
  region size 1024K, 2 young (2048K), 2 survivors (2048K)
 Metaspace       used 106306K, committed 107456K, reserved 557056K
  class space    used 14815K, committed 15360K, reserved 425984K
}
Event: 184.997 GC heap before
{Heap before GC invocations=41 (full 0):
 garbage-first heap   total 291840K, used 153552K [0x0000000080000000, 0x0000000100000000)
  region size 1024K, 19 young (19456K), 2 survivors (2048K)
 Metaspace       used 106310K, committed 107456K, reserved 557056K
  class space    used 14816K, committed 15360K, reserved 425984K
}
Event: 186.110 GC heap after
{Heap after GC invocations=42 (full 0):
 garbage-first heap   total 291840K, used 136963K [0x0000000080000000, 0x0000000100000000)
  region size 1024K, 3 young (3072K), 3 survivors (3072K)
 Metaspace       used 106310K, committed 107456K, reserved 557056K
  class space    used 14816K, committed 15360K, reserved 425984K
}

